<?xml version="1.0" encoding="UTF-8"?>
<!-- Generated by org.testng.reporters.JUnitReportReporter -->
<testsuite hostname="DESKTOP-R0P7LMN" failures="0" tests="2" name="Seq_Hyd_Maven.Seq_Hyd_Maven_Proj.test" time="11.445" errors="0" timestamp="2022-10-28T21:30:28 IST" skipped="0">
  <testcase classname="Seq_Hyd_Maven.Seq_Hyd_Maven_Proj.test" name="testdata" time="1.788"/>
  <system-out/>
  <testcase classname="Seq_Hyd_Maven.Seq_Hyd_Maven_Proj.test" name="testdata" time="9.657"/>
  <system-out/>
</testsuite> <!-- Seq_Hyd_Maven.Seq_Hyd_Maven_Proj.test -->
