<?xml version="1.0" encoding="UTF-8"?>
<!-- Generated by org.testng.reporters.JUnitReportReporter -->
<testsuite hostname="DESKTOP-R0P7LMN" failures="0" tests="1" name="Seq_Hyd_Maven.Seq_Hyd_Maven_Proj.ActionScript" time="35.157" errors="1" timestamp="2022-10-04T20:37:03 IST" skipped="0">
  <testcase classname="Seq_Hyd_Maven.Seq_Hyd_Maven_Proj.ActionScript" name="MasterScript" time="35.157">
    <error message="Unresolved compilation problems: 
	ExtentTest cannot be resolved to a type
	LogStatus cannot be resolved to a variable
	ExtentTest cannot be resolved to a type
	LogStatus cannot be resolved to a variable
	ExtentTest cannot be resolved to a type
" type="java.lang.Error">
      <![CDATA[java.lang.Error: Unresolved compilation problems: 
ExtentTest cannot be resolved to a type
LogStatus cannot be resolved to a variable
ExtentTest cannot be resolved to a type
LogStatus cannot be resolved to a variable
ExtentTest cannot be resolved to a type

at Seq_Hyd_Maven.Seq_Hyd_Maven_Proj.ExecutionReports.fail(ExecutionReports.java:51)
at Seq_Hyd_Maven.Seq_Hyd_Maven_Proj.ApplicationObj.LoginObject(ApplicationObj.java:16)
at Seq_Hyd_Maven.Seq_Hyd_Maven_Proj.KeyWordLib.login(KeyWordLib.java:19)
at Seq_Hyd_Maven.Seq_Hyd_Maven_Proj.ActionScript.MasterScript(ActionScript.java:59)
at java.base/jdk.internal.reflect.DirectMethodHandleAccessor.invoke(DirectMethodHandleAccessor.java:104)
at java.base/java.lang.reflect.Method.invoke(Method.java:577)
at org.testng.internal.MethodInvocationHelper.invokeMethod(MethodInvocationHelper.java:133)
at org.testng.internal.TestInvoker.invokeMethod(TestInvoker.java:598)
at org.testng.internal.TestInvoker.invokeTestMethod(TestInvoker.java:173)
at org.testng.internal.MethodRunner.runInSequence(MethodRunner.java:46)
at org.testng.internal.TestInvoker$MethodInvocationAgent.invoke(TestInvoker.java:824)
at org.testng.internal.TestInvoker.invokeTestMethods(TestInvoker.java:146)
at org.testng.internal.TestMethodWorker.invokeTestMethods(TestMethodWorker.java:146)
at org.testng.internal.TestMethodWorker.run(TestMethodWorker.java:128)
at java.base/java.util.ArrayList.forEach(ArrayList.java:1511)
at org.testng.TestRunner.privateRun(TestRunner.java:794)
at org.testng.TestRunner.run(TestRunner.java:596)
at org.testng.SuiteRunner.runTest(SuiteRunner.java:377)
at org.testng.SuiteRunner.runSequentially(SuiteRunner.java:371)
at org.testng.SuiteRunner.privateRun(SuiteRunner.java:332)
at org.testng.SuiteRunner.run(SuiteRunner.java:276)
at org.testng.SuiteRunnerWorker.runSuite(SuiteRunnerWorker.java:53)
at org.testng.SuiteRunnerWorker.run(SuiteRunnerWorker.java:96)
at org.testng.TestNG.runSuitesSequentially(TestNG.java:1212)
at org.testng.TestNG.runSuitesLocally(TestNG.java:1134)
at org.testng.TestNG.runSuites(TestNG.java:1063)
at org.testng.TestNG.run(TestNG.java:1031)
at org.testng.remote.AbstractRemoteTestNG.run(AbstractRemoteTestNG.java:115)
at org.testng.remote.RemoteTestNG.initAndRun(RemoteTestNG.java:251)
at org.testng.remote.RemoteTestNG.main(RemoteTestNG.java:77)
]]>
    </error>
  </testcase> <!-- MasterScript -->
  <system-out/>
</testsuite> <!-- Seq_Hyd_Maven.Seq_Hyd_Maven_Proj.ActionScript -->
