<?xml version="1.0" encoding="UTF-8"?>
<!-- Generated by org.testng.reporters.JUnitReportReporter -->
<testsuite hostname="DESKTOP-R0P7LMN" failures="0" tests="1" name="Seq_Hyd_Maven.Seq_Hyd_Maven_Proj.Master" time="0.000" errors="0" timestamp="2023-03-16T14:11:04 IST" skipped="1">
  <testcase classname="Seq_Hyd_Maven.Seq_Hyd_Maven_Proj.Master" name="MainScript" time="0.000">
    <skipped/>
  </testcase> <!-- MainScript -->
  <system-out/>
</testsuite> <!-- Seq_Hyd_Maven.Seq_Hyd_Maven_Proj.Master -->
